\BOOKMARK [0][-]{chapter.1}{\376\377\000F\000r\000o\000n\000t\000\040\000M\000a\000t\000t\000e\000r}{}% 1
\BOOKMARK [1][-]{section*.1}{\376\377\000E\000x\000e\000c\000u\000t\000i\000v\000e\000\040\000S\000u\000m\000m\000a\000r\000y}{chapter.1}% 2
\BOOKMARK [1][-]{section*.3}{\376\377\000G\000l\000o\000s\000s\000a\000r\000y}{chapter.1}% 3
\BOOKMARK [0][-]{chapter.2}{\376\377\200\314\146\157}{}% 4
\BOOKMARK [1][-]{section.2.1}{\376\377\227\000\154\102\226\110\217\360}{chapter.2}% 5
\BOOKMARK [1][-]{section.2.2}{\376\377\225\356\230\230\226\110\217\360}{chapter.2}% 6
\BOOKMARK [1][-]{section.2.3}{\376\377\176\304\124\130\116\313\176\315}{chapter.2}% 7
\BOOKMARK [0][-]{chapter.3}{\376\377\000D\000e\000s\000i\000g\000n\000\040\000R\000e\000q\000u\000i\000r\000e\000m\000e\000n\000t\000s}{}% 8
\BOOKMARK [1][-]{section.3.1}{\376\377\000F\000u\000n\000c\000t\000i\000o\000n\000a\000l\000\040\000R\000e\000q\000u\000i\000r\000e\000m\000e\000n\000t\000s}{chapter.3}% 9
\BOOKMARK [1][-]{section.3.2}{\376\377\000P\000h\000y\000s\000i\000c\000a\000l\000\040\000r\000e\000q\000u\000i\000r\000e\000m\000e\000n\000t\000s}{chapter.3}% 10
\BOOKMARK [0][-]{chapter.4}{\376\377\000D\000e\000s\000i\000g\000n\000\040\000D\000e\000v\000e\000l\000o\000p\000m\000e\000n\000t}{}% 11
\BOOKMARK [1][-]{section.4.1}{\376\377\000B\000r\000a\000i\000n\000s\000t\000o\000r\000m\000i\000n\000g}{chapter.4}% 12
\BOOKMARK [1][-]{section.4.2}{\376\377\000R\000e\000s\000e\000a\000r\000c\000h\000\040\000a\000n\000d\000\040\000B\000e\000n\000c\000h\000m\000a\000r\000k\000i\000n\000g}{chapter.4}% 13
\BOOKMARK [1][-]{section.4.3}{\376\377\000C\000r\000i\000t\000i\000c\000a\000l\000\040\000F\000u\000n\000c\000t\000i\000o\000n\000\040\000P\000r\000o\000t\000o\000t\000y\000p\000e\000s\000\040\000\050\000C\000F\000P\000\051}{chapter.4}% 14
\BOOKMARK [0][-]{chapter.5}{\376\377\000D\000e\000s\000i\000g\000n\000\040\000D\000e\000s\000c\000r\000i\000p\000t\000i\000o\000n}{}% 15
\BOOKMARK [1][-]{section.5.1}{\376\377\000V\000i\000s\000i\000o\000n}{chapter.5}% 16
\BOOKMARK [1][-]{section.5.2}{\376\377\147\072\126\150\116\272\000C\000F\000P}{chapter.5}% 17
\BOOKMARK [1][-]{section.5.3}{\376\377\144\315\117\134\177\121\230\165\000C\000F\000P}{chapter.5}% 18
\BOOKMARK [0][-]{chapter.6}{\376\377\000P\000l\000a\000n\000n\000i\000n\000g}{}% 19
\BOOKMARK [1][-]{section.6.1}{\376\377\000D\000e\000l\000i\000v\000e\000r\000a\000b\000l\000e\000s}{chapter.6}% 20
\BOOKMARK [1][-]{section.6.2}{\376\377\000M\000i\000l\000e\000s\000t\000o\000n\000e\000s}{chapter.6}% 21
\BOOKMARK [1][-]{section.6.3}{\376\377\000P\000r\000o\000j\000e\000c\000t\000\040\000T\000i\000m\000e\000\040\000L\000i\000n\000e}{chapter.6}% 22
\BOOKMARK [1][-]{section.6.4}{\376\377\000D\000i\000s\000t\000r\000i\000b\000u\000t\000e\000d\000\040\000T\000e\000a\000m\000\040\000M\000a\000n\000a\000g\000e\000m\000e\000n\000t}{chapter.6}% 23
\BOOKMARK [1][-]{section.6.5}{\376\377\000P\000r\000o\000j\000e\000c\000t\000\040\000B\000u\000d\000g\000e\000t}{chapter.6}% 24
\BOOKMARK [1][-]{section.6.6}{\376\377\000R\000e\000f\000l\000e\000c\000t\000i\000o\000n\000s\000\040\000a\000n\000d\000\040\000G\000o\000a\000l\000s}{chapter.6}% 25
\BOOKMARK [0][-]{chapter.7}{\376\377\000R\000e\000o\000u\000r\000c\000e\000s}{}% 26
\BOOKMARK [0][-]{appendix.A}{\376\377\000M\000o\000d\000e\000r\000a\000t\000o\000r\000\040\000P\000r\000o\000t\000o\000t\000y\000p\000e\000\040\000D\000a\000t\000a}{}% 27
